[debug] [2020-09-10T20:32:14.629Z] ----------------------------------------------------------------------
[debug] [2020-09-10T20:32:14.631Z] Command:       C:\Program Files\nodejs\node.exe C:\Users\PC\AppData\Roaming\npm\node_modules\firebase-tools\lib\bin\firebase.js emulators:start
[debug] [2020-09-10T20:32:14.631Z] CLI Version:   8.10.0
[debug] [2020-09-10T20:32:14.631Z] Platform:      win32
[debug] [2020-09-10T20:32:14.631Z] Node Version:  v12.18.3
[debug] [2020-09-10T20:32:14.632Z] Time:          Thu Sep 10 2020 23:32:14 GMT+0300 (Eastern European Summer Time)
[debug] [2020-09-10T20:32:14.632Z] ----------------------------------------------------------------------
[debug] [2020-09-10T20:32:14.632Z] 
[debug] [2020-09-10T20:32:14.639Z] > command requires scopes: ["email","openid","https://www.googleapis.com/auth/cloudplatformprojects.readonly","https://www.googleapis.com/auth/firebase","https://www.googleapis.com/auth/cloud-platform"]
[debug] [2020-09-10T20:32:14.640Z] > authorizing via signed-in user
[info] i  emulators: Starting emulators: functions, database, hosting {"metadata":{"emulator":{"name":"hub"},"message":"Starting emulators: functions, database, hosting"}}
[debug] [2020-09-10T20:32:16.696Z] [hub] writing locator at C:\Users\PC\AppData\Local\Temp\hub-clone-kaloyan.json
[warn] !  functions: The following emulators are not running, calls to these services from the Functions emulator will affect production: firestore, pubsub {"metadata":{"emulator":{"name":"functions"},"message":"The following emulators are not running, calls to these services from the Functions emulator will affect production: \u001b[1mfirestore, pubsub\u001b[22m"}}
[warn] !  Your requested "node" version "10" doesn't match your global version "12" {"metadata":{"emulator":{"name":"functions"},"message":"Your requested \"node\" version \"10\" doesn't match your global version \"12\""}}
[debug] [2020-09-10T20:32:18.746Z] defaultcredentials: writing to file C:\Users\PC\AppData\Roaming\firebase\kaloyansabchev_gmail_com_application_default_credentials.json
[debug] [2020-09-10T20:32:18.748Z] Setting GAC to C:\Users\PC\AppData\Roaming\firebase\kaloyansabchev_gmail_com_application_default_credentials.json {"metadata":{"emulator":{"name":"functions"},"message":"Setting GAC to C:\\Users\\PC\\AppData\\Roaming\\firebase\\kaloyansabchev_gmail_com_application_default_credentials.json"}}
[debug] [2020-09-10T20:32:20.787Z] database rules config:  [{"instance":"clone-kaloyan","rules":"D:\\workspace\\amazon-clone\\database.rules.json"}]
[info] i  database: downloading firebase-database-emulator-v4.5.0.jar... {"metadata":{"emulator":{"name":"database"},"message":"downloading firebase-database-emulator-v4.5.0.jar..."}}
[debug] [2020-09-10T20:32:24.478Z] Ignoring unsupported arg: projectId {"metadata":{"emulator":{"name":"database"},"message":"Ignoring unsupported arg: projectId"}}
[debug] [2020-09-10T20:32:24.478Z] Ignoring unsupported arg: auto_download {"metadata":{"emulator":{"name":"database"},"message":"Ignoring unsupported arg: auto_download"}}
[debug] [2020-09-10T20:32:24.478Z] Ignoring unsupported arg: rules {"metadata":{"emulator":{"name":"database"},"message":"Ignoring unsupported arg: rules"}}
[debug] [2020-09-10T20:32:24.478Z] Starting Database Emulator with command {"binary":"java","args":["-Duser.language=en","-jar","C:\\Users\\PC\\.cache\\firebase\\emulators\\firebase-database-emulator-v4.5.0.jar","--host","localhost","--port",9000,"--functions_emulator_host","localhost","--functions_emulator_port",5001],"optionalArgs":["port","host","functions_emulator_port","functions_emulator_host"],"joinArgs":false} {"metadata":{"emulator":{"name":"database"},"message":"Starting Database Emulator with command {\"binary\":\"java\",\"args\":[\"-Duser.language=en\",\"-jar\",\"C:\\\\Users\\\\PC\\\\.cache\\\\firebase\\\\emulators\\\\firebase-database-emulator-v4.5.0.jar\",\"--host\",\"localhost\",\"--port\",9000,\"--functions_emulator_host\",\"localhost\",\"--functions_emulator_port\",5001],\"optionalArgs\":[\"port\",\"host\",\"functions_emulator_port\",\"functions_emulator_host\"],\"joinArgs\":false}"}}
[info] i  database: Database Emulator logging to database-debug.log {"metadata":{"emulator":{"name":"database"},"message":"Database Emulator logging to \u001b[1mdatabase-debug.log\u001b[22m"}}
[debug] [2020-09-10T20:32:25.734Z] WARNING: An illegal reflective access operation has occurred
WARNING: Illegal reflective access by io.netty.util.internal.ReflectionUtil (file:/C:/Users/PC/.cache/firebase/emulators/firebase-database-emulator-v4.5.0.jar) to field sun.nio.ch.SelectorImpl.selectedKeys
WARNING: Please consider reporting this to the maintainers of io.netty.util.internal.ReflectionUtil
WARNING: Use --illegal-access=warn to enable warnings of further illegal reflective access operations
WARNING: All illegal access operations will be denied in a future release
 {"metadata":{"emulator":{"name":"database"},"message":"WARNING: An illegal reflective access operation has occurred\r\nWARNING: Illegal reflective access by io.netty.util.internal.ReflectionUtil (file:/C:/Users/PC/.cache/firebase/emulators/firebase-database-emulator-v4.5.0.jar) to field sun.nio.ch.SelectorImpl.selectedKeys\r\nWARNING: Please consider reporting this to the maintainers of io.netty.util.internal.ReflectionUtil\r\nWARNING: Use --illegal-access=warn to enable warnings of further illegal reflective access operations\r\nWARNING: All illegal access operations will be denied in a future release\r\n"}}
[debug] [2020-09-10T20:32:26.294Z] 23:32:26.293 [NamespaceSystem-akka.actor.default-dispatcher-4] INFO akka.event.slf4j.Slf4jLogger - Slf4jLogger started
 {"metadata":{"emulator":{"name":"database"},"message":"23:32:26.293 [NamespaceSystem-akka.actor.default-dispatcher-4] INFO akka.event.slf4j.Slf4jLogger - Slf4jLogger started\r\n"}}
[debug] [2020-09-10T20:32:26.426Z] 23:32:26.426 [main] INFO com.firebase.server.forge.App$ - Listening at localhost:9000
 {"metadata":{"emulator":{"name":"database"},"message":"23:32:26.426 [main] INFO com.firebase.server.forge.App$ - Listening at localhost:9000\r\n"}}
[debug] [2020-09-10T20:32:28.655Z] >>> HTTP REQUEST GET https://firebase.googleapis.com/v1beta1/projects/clone-kaloyan/webApps/-/config  
 
[debug] [2020-09-10T20:32:29.505Z] <<< HTTP RESPONSE 200 {"content-type":"application/json; charset=UTF-8","vary":"X-Origin, Referer, Origin,Accept-Encoding","date":"Thu, 10 Sep 2020 20:32:29 GMT","server":"ESF","cache-control":"private","x-xss-protection":"0","x-frame-options":"SAMEORIGIN","x-content-type-options":"nosniff","alt-svc":"h3-29=\":443\"; ma=2592000,h3-27=\":443\"; ma=2592000,h3-T051=\":443\"; ma=2592000,h3-T050=\":443\"; ma=2592000,h3-Q050=\":443\"; ma=2592000,h3-Q046=\":443\"; ma=2592000,h3-Q043=\":443\"; ma=2592000,quic=\":443\"; ma=2592000; v=\"46,43\"","accept-ranges":"none","transfer-encoding":"chunked"}
[info] i  hosting: Serving hosting files from: amazon-clone/build {"metadata":{"emulator":{"name":"hosting"},"message":"Serving hosting files from: \u001b[1mamazon-clone/build\u001b[22m"}}
[info] +  hosting: Local server: http://localhost:5000 {"metadata":{"emulator":{"name":"hosting"},"message":"Local server: \u001b[4m\u001b[1mhttp://localhost:5000\u001b[22m\u001b[24m"}}
[info] i  ui: downloading ui-v1.1.1.zip... {"metadata":{"emulator":{"name":"ui"},"message":"downloading ui-v1.1.1.zip..."}}
[debug] [2020-09-10T20:32:33.972Z] Ignoring unsupported arg: auto_download {"metadata":{"emulator":{"name":"ui"},"message":"Ignoring unsupported arg: auto_download"}}
[debug] [2020-09-10T20:32:33.972Z] Ignoring unsupported arg: port {"metadata":{"emulator":{"name":"ui"},"message":"Ignoring unsupported arg: port"}}
[debug] [2020-09-10T20:32:33.972Z] Starting Emulator UI with command {"binary":"node","args":["C:\\Users\\PC\\.cache\\firebase\\emulators\\ui-v1.1.1\\server.bundle.js"],"optionalArgs":[],"joinArgs":false} {"metadata":{"emulator":{"name":"ui"},"message":"Starting Emulator UI with command {\"binary\":\"node\",\"args\":[\"C:\\\\Users\\\\PC\\\\.cache\\\\firebase\\\\emulators\\\\ui-v1.1.1\\\\server.bundle.js\"],\"optionalArgs\":[],\"joinArgs\":false}"}}
[info] i  ui: Emulator UI logging to ui-debug.log {"metadata":{"emulator":{"name":"ui"},"message":"Emulator UI logging to \u001b[1mui-debug.log\u001b[22m"}}
[debug] [2020-09-10T20:32:34.085Z] Web / API server started at http://localhost:4000
 {"metadata":{"emulator":{"name":"ui"},"message":"Web / API server started at http://localhost:4000\n"}}
[info] i  functions: Watching "D:\workspace\amazon-clone\functions" for Cloud Functions... {"metadata":{"emulator":{"name":"functions"},"message":"Watching \"D:\\workspace\\amazon-clone\\functions\" for Cloud Functions..."}}
[debug] [2020-09-10T20:32:34.521Z] [worker-pool] addWorker(~diagnostic~) {"metadata":{"emulator":{"name":"functions"},"message":"[worker-pool] addWorker(~diagnostic~)"}}
[debug] [2020-09-10T20:32:34.521Z] [worker-pool] Adding worker with key ~diagnostic~, total=1 {"metadata":{"emulator":{"name":"functions"},"message":"[worker-pool] Adding worker with key ~diagnostic~, total=1"}}
[debug] [2020-09-10T20:32:34.521Z] [worker-pool] submitWork(triggerId=) {"metadata":{"emulator":{"name":"functions"},"message":"[worker-pool] submitWork(triggerId=)"}}
[debug] [2020-09-10T20:32:34.521Z] [worker-~diagnostic~-f799092b-dcda-4297-947f-d37133049a94]: Assigning socketPath: \\?\pipe\D:\workspace\amazon-clone\functions\3176 {"metadata":{"emulator":{"name":"functions"},"message":"[worker-~diagnostic~-f799092b-dcda-4297-947f-d37133049a94]: Assigning socketPath: \\\\?\\pipe\\D:\\workspace\\amazon-clone\\functions\\3176"}}
[debug] [2020-09-10T20:32:34.522Z] [worker-~diagnostic~-f799092b-dcda-4297-947f-d37133049a94]: BUSY {"metadata":{"emulator":{"name":"functions"},"message":"[worker-~diagnostic~-f799092b-dcda-4297-947f-d37133049a94]: BUSY"}}
[debug] [2020-09-10T20:32:34.906Z] [runtime-status] [3176] Functions runtime initialized. {"cwd":"D:\\workspace\\amazon-clone\\functions","node_version":"12.18.3"} {"metadata":{"emulator":{"name":"functions"},"message":"[runtime-status] [3176] Functions runtime initialized. {\"cwd\":\"D:\\\\workspace\\\\amazon-clone\\\\functions\",\"node_version\":\"12.18.3\"}"}}
[debug] [2020-09-10T20:32:34.907Z] [runtime-status] [3176] Disabled runtime features: undefined {"metadata":{"emulator":{"name":"functions"},"message":"[runtime-status] [3176] Disabled runtime features: undefined"}}
[debug] [2020-09-10T20:32:34.913Z] [runtime-status] [3176] Resolved module firebase-admin {"declared":true,"installed":true,"version":"8.13.0","resolution":"D:\\workspace\\amazon-clone\\functions\\node_modules\\firebase-admin\\lib\\index.js"} {"metadata":{"emulator":{"name":"functions"},"message":"[runtime-status] [3176] Resolved module firebase-admin {\"declared\":true,\"installed\":true,\"version\":\"8.13.0\",\"resolution\":\"D:\\\\workspace\\\\amazon-clone\\\\functions\\\\node_modules\\\\firebase-admin\\\\lib\\\\index.js\"}"}}
[debug] [2020-09-10T20:32:34.914Z] [runtime-status] [3176] Resolved module firebase-functions {"declared":true,"installed":true,"version":"3.11.0","resolution":"D:\\workspace\\amazon-clone\\functions\\node_modules\\firebase-functions\\lib\\index.js"} {"metadata":{"emulator":{"name":"functions"},"message":"[runtime-status] [3176] Resolved module firebase-functions {\"declared\":true,\"installed\":true,\"version\":\"3.11.0\",\"resolution\":\"D:\\\\workspace\\\\amazon-clone\\\\functions\\\\node_modules\\\\firebase-functions\\\\lib\\\\index.js\"}"}}
[debug] [2020-09-10T20:32:34.915Z] [runtime-status] [3176] Resolved module firebase-functions {"declared":true,"installed":true,"version":"3.11.0","resolution":"D:\\workspace\\amazon-clone\\functions\\node_modules\\firebase-functions\\lib\\index.js"} {"metadata":{"emulator":{"name":"functions"},"message":"[runtime-status] [3176] Resolved module firebase-functions {\"declared\":true,\"installed\":true,\"version\":\"3.11.0\",\"resolution\":\"D:\\\\workspace\\\\amazon-clone\\\\functions\\\\node_modules\\\\firebase-functions\\\\lib\\\\index.js\"}"}}
[debug] [2020-09-10T20:32:34.916Z] [runtime-status] [3176] Outgoing network have been stubbed. [{"name":"http","status":"mocked"},{"name":"http","status":"mocked"},{"name":"https","status":"mocked"},{"name":"https","status":"mocked"},{"name":"net","status":"mocked"}] {"metadata":{"emulator":{"name":"functions"},"message":"[runtime-status] [3176] Outgoing network have been stubbed. [{\"name\":\"http\",\"status\":\"mocked\"},{\"name\":\"http\",\"status\":\"mocked\"},{\"name\":\"https\",\"status\":\"mocked\"},{\"name\":\"https\",\"status\":\"mocked\"},{\"name\":\"net\",\"status\":\"mocked\"}]"}}
[debug] [2020-09-10T20:32:34.916Z] [runtime-status] [3176] Resolved module firebase-functions {"declared":true,"installed":true,"version":"3.11.0","resolution":"D:\\workspace\\amazon-clone\\functions\\node_modules\\firebase-functions\\lib\\index.js"} {"metadata":{"emulator":{"name":"functions"},"message":"[runtime-status] [3176] Resolved module firebase-functions {\"declared\":true,\"installed\":true,\"version\":\"3.11.0\",\"resolution\":\"D:\\\\workspace\\\\amazon-clone\\\\functions\\\\node_modules\\\\firebase-functions\\\\lib\\\\index.js\"}"}}
[debug] [2020-09-10T20:32:35.030Z] [runtime-status] [3176] Checked functions.config() {"config":{}} {"metadata":{"emulator":{"name":"functions"},"message":"[runtime-status] [3176] Checked functions.config() {\"config\":{}}"}}
[debug] [2020-09-10T20:32:35.030Z] [runtime-status] [3176] firebase-functions has been stubbed. {"functionsResolution":{"declared":true,"installed":true,"version":"3.11.0","resolution":"D:\\workspace\\amazon-clone\\functions\\node_modules\\firebase-functions\\lib\\index.js"}} {"metadata":{"emulator":{"name":"functions"},"message":"[runtime-status] [3176] firebase-functions has been stubbed. {\"functionsResolution\":{\"declared\":true,\"installed\":true,\"version\":\"3.11.0\",\"resolution\":\"D:\\\\workspace\\\\amazon-clone\\\\functions\\\\node_modules\\\\firebase-functions\\\\lib\\\\index.js\"}}"}}
[debug] [2020-09-10T20:32:35.030Z] [runtime-status] [3176] Resolved module firebase-functions {"declared":true,"installed":true,"version":"3.11.0","resolution":"D:\\workspace\\amazon-clone\\functions\\node_modules\\firebase-functions\\lib\\index.js"} {"metadata":{"emulator":{"name":"functions"},"message":"[runtime-status] [3176] Resolved module firebase-functions {\"declared\":true,\"installed\":true,\"version\":\"3.11.0\",\"resolution\":\"D:\\\\workspace\\\\amazon-clone\\\\functions\\\\node_modules\\\\firebase-functions\\\\lib\\\\index.js\"}"}}
[debug] [2020-09-10T20:32:35.031Z] [runtime-status] [3176] Resolved module firebase-admin {"declared":true,"installed":true,"version":"8.13.0","resolution":"D:\\workspace\\amazon-clone\\functions\\node_modules\\firebase-admin\\lib\\index.js"} {"metadata":{"emulator":{"name":"functions"},"message":"[runtime-status] [3176] Resolved module firebase-admin {\"declared\":true,\"installed\":true,\"version\":\"8.13.0\",\"resolution\":\"D:\\\\workspace\\\\amazon-clone\\\\functions\\\\node_modules\\\\firebase-admin\\\\lib\\\\index.js\"}"}}
[debug] [2020-09-10T20:32:35.032Z] [runtime-status] [3176] Resolved module firebase-functions {"declared":true,"installed":true,"version":"3.11.0","resolution":"D:\\workspace\\amazon-clone\\functions\\node_modules\\firebase-functions\\lib\\index.js"} {"metadata":{"emulator":{"name":"functions"},"message":"[runtime-status] [3176] Resolved module firebase-functions {\"declared\":true,\"installed\":true,\"version\":\"3.11.0\",\"resolution\":\"D:\\\\workspace\\\\amazon-clone\\\\functions\\\\node_modules\\\\firebase-functions\\\\lib\\\\index.js\"}"}}
[debug] [2020-09-10T20:32:35.032Z] [runtime-status] [3176] firebase-admin has been stubbed. {"adminResolution":{"declared":true,"installed":true,"version":"8.13.0","resolution":"D:\\workspace\\amazon-clone\\functions\\node_modules\\firebase-admin\\lib\\index.js"}} {"metadata":{"emulator":{"name":"functions"},"message":"[runtime-status] [3176] firebase-admin has been stubbed. {\"adminResolution\":{\"declared\":true,\"installed\":true,\"version\":\"8.13.0\",\"resolution\":\"D:\\\\workspace\\\\amazon-clone\\\\functions\\\\node_modules\\\\firebase-admin\\\\lib\\\\index.js\"}}"}}
[info] +  functions[api]: http function initialized (http://localhost:5001/clone-kaloyan/us-central1/api). {"metadata":{"emulator":{"name":"functions"},"message":"\u001b[1mhttp\u001b[22m function initialized (http://localhost:5001/clone-kaloyan/us-central1/api)."}}
[debug] [2020-09-10T20:32:35.463Z] >>> HTTP REQUEST PUT http://localhost:9000/.settings/rules.json?ns=clone-kaloyan  
 {
  /* Visit https://firebase.google.com/docs/database/security to learn more about security rules. */
  "rules": {
    ".read": false,
    ".write": false
  }
}
[debug] [2020-09-10T20:32:35.464Z] [worker-~diagnostic~-f799092b-dcda-4297-947f-d37133049a94]: IDLE {"metadata":{"emulator":{"name":"functions"},"message":"[worker-~diagnostic~-f799092b-dcda-4297-947f-d37133049a94]: IDLE"}}
[debug] [2020-09-10T20:32:35.700Z] <<< HTTP RESPONSE 200 {"content-length":"15","content-type":"application/json; charset=utf-8","access-control-allow-origin":"*","cache-control":"no-cache","x-firebase-project-id":"clone-kaloyan","x-firebase-project-number":"123456789","x-firebase-uuid":"96ab4a45-2227-455e-921e-a0c771777334"}
[info] 
┌───────────────────────────────────────────────────────────────────────┐
│ ✔  All emulators ready! View status and logs at http://localhost:4000 │
└───────────────────────────────────────────────────────────────────────┘

┌───────────┬────────────────┬─────────────────────────────────┐
│ Emulator  │ Host:Port      │ View in Emulator UI             │
├───────────┼────────────────┼─────────────────────────────────┤
│ Functions │ localhost:5001 │ http://localhost:4000/functions │
├───────────┼────────────────┼─────────────────────────────────┤
│ Database  │ localhost:9000 │ http://localhost:4000/database  │
├───────────┼────────────────┼─────────────────────────────────┤
│ Hosting   │ localhost:5000 │ n/a                             │
└───────────┴────────────────┴─────────────────────────────────┘
  Other reserved ports: 4400, 4500

Issues? Report them at https://github.com/firebase/firebase-tools/issues and attach the *-debug.log files.
 
[debug] [2020-09-10T20:34:03.260Z] [work-queue] {"queueLength":1,"workRunningCount":0}
[debug] [2020-09-10T20:34:03.261Z] [work-queue] {"queueLength":0,"workRunningCount":1}
[debug] [2020-09-10T20:34:03.261Z] Accepted request GET /clone-kaloyan/us-central1/api --> api
[debug] [2020-09-10T20:34:03.264Z] [worker-pool] addWorker(api) {"metadata":{"emulator":{"name":"functions"},"message":"[worker-pool] addWorker(api)"}}
[debug] [2020-09-10T20:34:03.265Z] [worker-pool] Adding worker with key api, total=1 {"metadata":{"emulator":{"name":"functions"},"message":"[worker-pool] Adding worker with key api, total=1"}}
[debug] [2020-09-10T20:34:03.265Z] [worker-pool] submitWork(triggerId=api) {"metadata":{"emulator":{"name":"functions"},"message":"[worker-pool] submitWork(triggerId=api)"}}
[debug] [2020-09-10T20:34:03.265Z] [worker-api-983ab0db-1405-43f6-93f6-2f657650b142]: Assigning socketPath: \\?\pipe\D:\workspace\amazon-clone\functions\3424 {"metadata":{"emulator":{"name":"functions"},"message":"[worker-api-983ab0db-1405-43f6-93f6-2f657650b142]: Assigning socketPath: \\\\?\\pipe\\D:\\workspace\\amazon-clone\\functions\\3424"}}
[debug] [2020-09-10T20:34:03.265Z] [worker-api-983ab0db-1405-43f6-93f6-2f657650b142]: BUSY {"metadata":{"emulator":{"name":"functions"},"message":"[worker-api-983ab0db-1405-43f6-93f6-2f657650b142]: BUSY"}}
[debug] [2020-09-10T20:34:03.648Z] [runtime-status] [3424] Functions runtime initialized. {"cwd":"D:\\workspace\\amazon-clone\\functions","node_version":"12.18.3"} {"metadata":{"emulator":{"name":"functions"},"function":{"name":"api"},"message":"[runtime-status] [3424] Functions runtime initialized. {\"cwd\":\"D:\\\\workspace\\\\amazon-clone\\\\functions\",\"node_version\":\"12.18.3\"}"}}
[debug] [2020-09-10T20:34:03.650Z] [runtime-status] [3424] Disabled runtime features: undefined {"metadata":{"emulator":{"name":"functions"},"function":{"name":"api"},"message":"[runtime-status] [3424] Disabled runtime features: undefined"}}
[debug] [2020-09-10T20:34:03.655Z] [runtime-status] [3424] Resolved module firebase-admin {"declared":true,"installed":true,"version":"8.13.0","resolution":"D:\\workspace\\amazon-clone\\functions\\node_modules\\firebase-admin\\lib\\index.js"} {"metadata":{"emulator":{"name":"functions"},"function":{"name":"api"},"message":"[runtime-status] [3424] Resolved module firebase-admin {\"declared\":true,\"installed\":true,\"version\":\"8.13.0\",\"resolution\":\"D:\\\\workspace\\\\amazon-clone\\\\functions\\\\node_modules\\\\firebase-admin\\\\lib\\\\index.js\"}"}}
[debug] [2020-09-10T20:34:03.656Z] [runtime-status] [3424] Resolved module firebase-functions {"declared":true,"installed":true,"version":"3.11.0","resolution":"D:\\workspace\\amazon-clone\\functions\\node_modules\\firebase-functions\\lib\\index.js"} {"metadata":{"emulator":{"name":"functions"},"function":{"name":"api"},"message":"[runtime-status] [3424] Resolved module firebase-functions {\"declared\":true,\"installed\":true,\"version\":\"3.11.0\",\"resolution\":\"D:\\\\workspace\\\\amazon-clone\\\\functions\\\\node_modules\\\\firebase-functions\\\\lib\\\\index.js\"}"}}
[debug] [2020-09-10T20:34:03.657Z] [runtime-status] [3424] Resolved module firebase-functions {"declared":true,"installed":true,"version":"3.11.0","resolution":"D:\\workspace\\amazon-clone\\functions\\node_modules\\firebase-functions\\lib\\index.js"} {"metadata":{"emulator":{"name":"functions"},"function":{"name":"api"},"message":"[runtime-status] [3424] Resolved module firebase-functions {\"declared\":true,\"installed\":true,\"version\":\"3.11.0\",\"resolution\":\"D:\\\\workspace\\\\amazon-clone\\\\functions\\\\node_modules\\\\firebase-functions\\\\lib\\\\index.js\"}"}}
[debug] [2020-09-10T20:34:03.659Z] [runtime-status] [3424] Outgoing network have been stubbed. [{"name":"http","status":"mocked"},{"name":"http","status":"mocked"},{"name":"https","status":"mocked"},{"name":"https","status":"mocked"},{"name":"net","status":"mocked"}] {"metadata":{"emulator":{"name":"functions"},"function":{"name":"api"},"message":"[runtime-status] [3424] Outgoing network have been stubbed. [{\"name\":\"http\",\"status\":\"mocked\"},{\"name\":\"http\",\"status\":\"mocked\"},{\"name\":\"https\",\"status\":\"mocked\"},{\"name\":\"https\",\"status\":\"mocked\"},{\"name\":\"net\",\"status\":\"mocked\"}]"}}
[debug] [2020-09-10T20:34:03.660Z] [runtime-status] [3424] Resolved module firebase-functions {"declared":true,"installed":true,"version":"3.11.0","resolution":"D:\\workspace\\amazon-clone\\functions\\node_modules\\firebase-functions\\lib\\index.js"} {"metadata":{"emulator":{"name":"functions"},"function":{"name":"api"},"message":"[runtime-status] [3424] Resolved module firebase-functions {\"declared\":true,\"installed\":true,\"version\":\"3.11.0\",\"resolution\":\"D:\\\\workspace\\\\amazon-clone\\\\functions\\\\node_modules\\\\firebase-functions\\\\lib\\\\index.js\"}"}}
[debug] [2020-09-10T20:34:03.694Z] [runtime-status] [3424] Checked functions.config() {"config":{}} {"metadata":{"emulator":{"name":"functions"},"function":{"name":"api"},"message":"[runtime-status] [3424] Checked functions.config() {\"config\":{}}"}}
[debug] [2020-09-10T20:34:03.694Z] [runtime-status] [3424] firebase-functions has been stubbed. {"functionsResolution":{"declared":true,"installed":true,"version":"3.11.0","resolution":"D:\\workspace\\amazon-clone\\functions\\node_modules\\firebase-functions\\lib\\index.js"}} {"metadata":{"emulator":{"name":"functions"},"function":{"name":"api"},"message":"[runtime-status] [3424] firebase-functions has been stubbed. {\"functionsResolution\":{\"declared\":true,\"installed\":true,\"version\":\"3.11.0\",\"resolution\":\"D:\\\\workspace\\\\amazon-clone\\\\functions\\\\node_modules\\\\firebase-functions\\\\lib\\\\index.js\"}}"}}
[debug] [2020-09-10T20:34:03.694Z] [runtime-status] [3424] Resolved module firebase-functions {"declared":true,"installed":true,"version":"3.11.0","resolution":"D:\\workspace\\amazon-clone\\functions\\node_modules\\firebase-functions\\lib\\index.js"} {"metadata":{"emulator":{"name":"functions"},"function":{"name":"api"},"message":"[runtime-status] [3424] Resolved module firebase-functions {\"declared\":true,\"installed\":true,\"version\":\"3.11.0\",\"resolution\":\"D:\\\\workspace\\\\amazon-clone\\\\functions\\\\node_modules\\\\firebase-functions\\\\lib\\\\index.js\"}"}}
[debug] [2020-09-10T20:34:03.695Z] [runtime-status] [3424] Resolved module firebase-admin {"declared":true,"installed":true,"version":"8.13.0","resolution":"D:\\workspace\\amazon-clone\\functions\\node_modules\\firebase-admin\\lib\\index.js"} {"metadata":{"emulator":{"name":"functions"},"function":{"name":"api"},"message":"[runtime-status] [3424] Resolved module firebase-admin {\"declared\":true,\"installed\":true,\"version\":\"8.13.0\",\"resolution\":\"D:\\\\workspace\\\\amazon-clone\\\\functions\\\\node_modules\\\\firebase-admin\\\\lib\\\\index.js\"}"}}
[debug] [2020-09-10T20:34:03.696Z] [runtime-status] [3424] Resolved module firebase-functions {"declared":true,"installed":true,"version":"3.11.0","resolution":"D:\\workspace\\amazon-clone\\functions\\node_modules\\firebase-functions\\lib\\index.js"} {"metadata":{"emulator":{"name":"functions"},"function":{"name":"api"},"message":"[runtime-status] [3424] Resolved module firebase-functions {\"declared\":true,\"installed\":true,\"version\":\"3.11.0\",\"resolution\":\"D:\\\\workspace\\\\amazon-clone\\\\functions\\\\node_modules\\\\firebase-functions\\\\lib\\\\index.js\"}"}}
[debug] [2020-09-10T20:34:03.696Z] [runtime-status] [3424] firebase-admin has been stubbed. {"adminResolution":{"declared":true,"installed":true,"version":"8.13.0","resolution":"D:\\workspace\\amazon-clone\\functions\\node_modules\\firebase-admin\\lib\\index.js"}} {"metadata":{"emulator":{"name":"functions"},"function":{"name":"api"},"message":"[runtime-status] [3424] firebase-admin has been stubbed. {\"adminResolution\":{\"declared\":true,\"installed\":true,\"version\":\"8.13.0\",\"resolution\":\"D:\\\\workspace\\\\amazon-clone\\\\functions\\\\node_modules\\\\firebase-admin\\\\lib\\\\index.js\"}}"}}
[debug] [2020-09-10T20:34:03.814Z] [runtime-status] [3424] Trigger "api" has been found, beginning invocation! {"metadata":{"emulator":{"name":"functions"},"function":{"name":"api"},"message":"[runtime-status] [3424] Trigger \"api\" has been found, beginning invocation!"}}
[info] i  functions: Beginning execution of "api" {"metadata":{"emulator":{"name":"functions"},"function":{"name":"api"},"message":"Beginning execution of \"api\""}}
[debug] [2020-09-10T20:34:03.815Z] [runtime-status] [3424] triggerDefinition {"httpsTrigger":{},"name":"api","entryPoint":"api"} {"metadata":{"emulator":{"name":"functions"},"function":{"name":"api"},"message":"[runtime-status] [3424] triggerDefinition {\"httpsTrigger\":{},\"name\":\"api\",\"entryPoint\":\"api\"}"}}
[debug] [2020-09-10T20:34:03.815Z] [runtime-status] [3424] Running api in mode HTTPS {"metadata":{"emulator":{"name":"functions"},"function":{"name":"api"},"message":"[runtime-status] [3424] Running api in mode HTTPS"}}
[debug] [2020-09-10T20:34:03.818Z] [runtime-status] [3424] Attempting to listen to socketPath: \\?\pipe\D:\workspace\amazon-clone\functions\3424 {"metadata":{"emulator":{"name":"functions"},"function":{"name":"api"},"message":"[runtime-status] [3424] Attempting to listen to socketPath: \\\\?\\pipe\\D:\\workspace\\amazon-clone\\functions\\3424"}}
[debug] [2020-09-10T20:34:03.821Z] [functions] Runtime ready! Sending request! {"metadata":{"emulator":{"name":"functions"},"message":"[functions] Runtime ready! Sending request!"}}
[debug] [2020-09-10T20:34:03.826Z] [runtime-status] [3424] Ephemeral server handling GET request {"metadata":{"emulator":{"name":"functions"},"function":{"name":"api"},"message":"[runtime-status] [3424] Ephemeral server handling GET request"}}
[debug] [2020-09-10T20:34:03.831Z] [runtime-status] [3424] Ephemeral server survived. {"metadata":{"emulator":{"name":"functions"},"function":{"name":"api"},"message":"[runtime-status] [3424] Ephemeral server survived."}}
[info] i  functions: Finished "api" in ~1s {"metadata":{"emulator":{"name":"functions"},"function":{"name":"api"},"message":"Finished \"api\" in ~1s"}}
[debug] [2020-09-10T20:34:03.835Z] [worker-api-983ab0db-1405-43f6-93f6-2f657650b142]: IDLE {"metadata":{"emulator":{"name":"functions"},"message":"[worker-api-983ab0db-1405-43f6-93f6-2f657650b142]: IDLE"}}
[debug] [2020-09-10T20:34:03.835Z] [work-queue] {"queueLength":0,"workRunningCount":0}
[debug] [2020-09-10T20:34:03.972Z] Functions emulator received unknown request at path /favicon.ico
